::1 - - [30/Apr/2026:05:15:53 +0000] "GET /api/persons/3 HTTP/1.1" 200 55 "-" "Mozilla/5.0 (Windows NT 10.0; Win64; x64) AppleWebKit/537.36 (KHTML, like Gecko) Chrome/147.0.0.0 Safari/537.36"
::1 - - [30/Apr/2026:05:15:57 +0000] "GET /api/persons HTTP/1.1" 304 - "-" "Mozilla/5.0 (Windows NT 10.0; Win64; x64) AppleWebKit/537.36 (KHTML, like Gecko) Chrome/147.0.0.0 Safari/537.36"
::1 - - [30/Apr/2026:05:16:02 +0000] "GET /api/persons/1 HTTP/1.1" 200 53 "-" "Mozilla/5.0 (Windows NT 10.0; Win64; x64) AppleWebKit/537.36 (KHTML, like Gecko) Chrome/147.0.0.0 Safari/537.36"
::1 - - [30/Apr/2026:05:22:39 +0000] "GET /.well-known/appspecific/com.chrome.devtools.json HTTP/1.1" 404 187 "-" "Mozilla/5.0 (Windows NT 10.0; Win64; x64) AppleWebKit/537.36 (KHTML, like Gecko) Chrome/147.0.0.0 Safari/537.36"
::1 - - [13/May/2026:07:42:00 +0000] "GET / HTTP/1.1" 404 139 "-" "Mozilla/5.0 (Windows NT 10.0; Win64; x64) AppleWebKit/537.36 (KHTML, like Gecko) Chrome/148.0.0.0 Safari/537.36"
::1 - - [13/May/2026:07:42:08 +0000] "GET /api/persons HTTP/1.1" 200 231 "-" "Mozilla/5.0 (Windows NT 10.0; Win64; x64) AppleWebKit/537.36 (KHTML, like Gecko) Chrome/148.0.0.0 Safari/537.36"
::1 - - [13/May/2026:07:42:08 +0000] "GET /favicon.ico HTTP/1.1" 404 150 "http://localhost:5000/api/persons" "Mozilla/5.0 (Windows NT 10.0; Win64; x64) AppleWebKit/537.36 (KHTML, like Gecko) Chrome/148.0.0.0 Safari/537.36"
::1 - - [13/May/2026:08:11:11 +0000] "GET /api/persons HTTP/1.1" 200 231 "http://localhost:5173/" "Mozilla/5.0 (Windows NT 10.0; Win64; x64) AppleWebKit/537.36 (KHTML, like Gecko) Code/1.119.1 Chrome/142.0.7444.265 Electron/39.8.8 Safari/537.36"
::1 - - [13/May/2026:08:11:11 +0000] "GET /api/persons HTTP/1.1" 200 231 "http://localhost:5173/" "Mozilla/5.0 (Windows NT 10.0; Win64; x64) AppleWebKit/537.36 (KHTML, like Gecko) Code/1.119.1 Chrome/142.0.7444.265 Electron/39.8.8 Safari/537.36"
::1 - - [13/May/2026:08:11:18 +0000] "GET /api/persons HTTP/1.1" 200 231 "-" "Mozilla/5.0 (Windows NT 10.0; Win64; x64) AppleWebKit/537.36 (KHTML, like Gecko) Code/1.119.1 Chrome/142.0.7444.265 Electron/39.8.8 Safari/537.36"
::1 - - [13/May/2026:08:11:18 +0000] "GET /favicon.ico HTTP/1.1" 404 150 "-" "Mozilla/5.0 (Windows NT 10.0; Win64; x64) AppleWebKit/537.36 (KHTML, like Gecko) Code/1.119.1 Chrome/142.0.7444.265 Electron/39.8.8 Safari/537.36"
::1 - - [13/May/2026:08:12:31 +0000] "GET /api/persons HTTP/1.1" 304 - "http://localhost:5173/" "Mozilla/5.0 (Windows NT 10.0; Win64; x64) AppleWebKit/537.36 (KHTML, like Gecko) Code/1.119.1 Chrome/142.0.7444.265 Electron/39.8.8 Safari/537.36"
::1 - - [13/May/2026:08:12:31 +0000] "GET /api/persons HTTP/1.1" 304 - "http://localhost:5173/" "Mozilla/5.0 (Windows NT 10.0; Win64; x64) AppleWebKit/537.36 (KHTML, like Gecko) Code/1.119.1 Chrome/142.0.7444.265 Electron/39.8.8 Safari/537.36"
::1 - - [13/May/2026:08:15:01 +0000] "GET /api/persons HTTP/1.1" 304 - "http://localhost:5173/" "Mozilla/5.0 (Windows NT 10.0; Win64; x64) AppleWebKit/537.36 (KHTML, like Gecko) Code/1.119.1 Chrome/142.0.7444.265 Electron/39.8.8 Safari/537.36"
::1 - - [13/May/2026:08:15:01 +0000] "GET /api/persons HTTP/1.1" 304 - "http://localhost:5173/" "Mozilla/5.0 (Windows NT 10.0; Win64; x64) AppleWebKit/537.36 (KHTML, like Gecko) Code/1.119.1 Chrome/142.0.7444.265 Electron/39.8.8 Safari/537.36"
::1 - - [13/May/2026:08:15:04 +0000] "GET /api/persons HTTP/1.1" 304 - "http://localhost:5173/" "Mozilla/5.0 (Windows NT 10.0; Win64; x64) AppleWebKit/537.36 (KHTML, like Gecko) Code/1.119.1 Chrome/142.0.7444.265 Electron/39.8.8 Safari/537.36"
::1 - - [13/May/2026:08:15:04 +0000] "GET /api/persons HTTP/1.1" 304 - "http://localhost:5173/" "Mozilla/5.0 (Windows NT 10.0; Win64; x64) AppleWebKit/537.36 (KHTML, like Gecko) Code/1.119.1 Chrome/142.0.7444.265 Electron/39.8.8 Safari/537.36"
::1 - - [13/May/2026:08:21:29 +0000] "GET /api/persons HTTP/1.1" 304 - "http://localhost:5173/" "Mozilla/5.0 (Windows NT 10.0; Win64; x64) AppleWebKit/537.36 (KHTML, like Gecko) Code/1.119.1 Chrome/142.0.7444.265 Electron/39.8.8 Safari/537.36"
::1 - - [13/May/2026:08:21:29 +0000] "GET /api/persons HTTP/1.1" 304 - "http://localhost:5173/" "Mozilla/5.0 (Windows NT 10.0; Win64; x64) AppleWebKit/537.36 (KHTML, like Gecko) Code/1.119.1 Chrome/142.0.7444.265 Electron/39.8.8 Safari/537.36"
::1 - - [13/May/2026:08:21:29 +0000] "GET /api/persons HTTP/1.1" 304 - "http://localhost:5173/" "Mozilla/5.0 (Windows NT 10.0; Win64; x64) AppleWebKit/537.36 (KHTML, like Gecko) Code/1.119.1 Chrome/142.0.7444.265 Electron/39.8.8 Safari/537.36"
::1 - - [13/May/2026:08:21:29 +0000] "GET /api/persons HTTP/1.1" 304 - "http://localhost:5173/" "Mozilla/5.0 (Windows NT 10.0; Win64; x64) AppleWebKit/537.36 (KHTML, like Gecko) Code/1.119.1 Chrome/142.0.7444.265 Electron/39.8.8 Safari/537.36"
::1 - - [13/May/2026:08:22:54 +0000] "GET /api/persons HTTP/1.1" 304 - "http://localhost:5173/" "Mozilla/5.0 (Windows NT 10.0; Win64; x64) AppleWebKit/537.36 (KHTML, like Gecko) Code/1.119.1 Chrome/142.0.7444.265 Electron/39.8.8 Safari/537.36"
::1 - - [13/May/2026:08:22:54 +0000] "GET /api/persons HTTP/1.1" 304 - "http://localhost:5173/" "Mozilla/5.0 (Windows NT 10.0; Win64; x64) AppleWebKit/537.36 (KHTML, like Gecko) Code/1.119.1 Chrome/142.0.7444.265 Electron/39.8.8 Safari/537.36"
::1 - - [13/May/2026:08:23:49 +0000] "GET /api/persons HTTP/1.1" 200 230 "http://localhost:5173/" "Mozilla/5.0 (Windows NT 10.0; Win64; x64) AppleWebKit/537.36 (KHTML, like Gecko) Code/1.119.1 Chrome/142.0.7444.265 Electron/39.8.8 Safari/537.36"
::1 - - [13/May/2026:08:23:49 +0000] "GET /api/persons HTTP/1.1" 304 - "http://localhost:5173/" "Mozilla/5.0 (Windows NT 10.0; Win64; x64) AppleWebKit/537.36 (KHTML, like Gecko) Code/1.119.1 Chrome/142.0.7444.265 Electron/39.8.8 Safari/537.36"
::1 - - [13/May/2026:09:22:56 +0000] "GET /api/persons HTTP/1.1" 304 - "-" "Mozilla/5.0 (Windows NT 10.0; Win64; x64) AppleWebKit/537.36 (KHTML, like Gecko) Code/1.119.1 Chrome/142.0.7444.265 Electron/39.8.8 Safari/537.36"
::1 - - [13/May/2026:09:29:38 +0000] "GET /api/persons HTTP/1.1" 304 - "http://localhost:5173/" "Mozilla/5.0 (Windows NT 10.0; Win64; x64) AppleWebKit/537.36 (KHTML, like Gecko) Code/1.119.1 Chrome/142.0.7444.265 Electron/39.8.8 Safari/537.36"
::1 - - [13/May/2026:09:29:38 +0000] "GET /api/persons HTTP/1.1" 304 - "http://localhost:5173/" "Mozilla/5.0 (Windows NT 10.0; Win64; x64) AppleWebKit/537.36 (KHTML, like Gecko) Code/1.119.1 Chrome/142.0.7444.265 Electron/39.8.8 Safari/537.36"
::1 - - [13/May/2026:09:31:48 +0000] "GET /api/persons HTTP/1.1" 304 - "http://localhost:5173/" "Mozilla/5.0 (Windows NT 10.0; Win64; x64) AppleWebKit/537.36 (KHTML, like Gecko) Code/1.119.1 Chrome/142.0.7444.265 Electron/39.8.8 Safari/537.36"
::1 - - [13/May/2026:09:31:48 +0000] "GET /api/persons HTTP/1.1" 304 - "http://localhost:5173/" "Mozilla/5.0 (Windows NT 10.0; Win64; x64) AppleWebKit/537.36 (KHTML, like Gecko) Code/1.119.1 Chrome/142.0.7444.265 Electron/39.8.8 Safari/537.36"
::1 - - [13/May/2026:09:32:54 +0000] "GET /api/persons HTTP/1.1" 304 - "http://localhost:5173/" "Mozilla/5.0 (Windows NT 10.0; Win64; x64) AppleWebKit/537.36 (KHTML, like Gecko) Code/1.119.1 Chrome/142.0.7444.265 Electron/39.8.8 Safari/537.36"
::1 - - [13/May/2026:09:32:54 +0000] "GET /api/persons HTTP/1.1" 304 - "http://localhost:5173/" "Mozilla/5.0 (Windows NT 10.0; Win64; x64) AppleWebKit/537.36 (KHTML, like Gecko) Code/1.119.1 Chrome/142.0.7444.265 Electron/39.8.8 Safari/537.36"
::1 - - [13/May/2026:09:33:01 +0000] "OPTIONS /api/persons HTTP/1.1" 204 0 "http://localhost:5173/" "Mozilla/5.0 (Windows NT 10.0; Win64; x64) AppleWebKit/537.36 (KHTML, like Gecko) Code/1.119.1 Chrome/142.0.7444.265 Electron/39.8.8 Safari/537.36"
::1 - - [13/May/2026:09:33:01 +0000] "POST /api/persons HTTP/1.1" 200 49 "http://localhost:5173/" "Mozilla/5.0 (Windows NT 10.0; Win64; x64) AppleWebKit/537.36 (KHTML, like Gecko) Code/1.119.1 Chrome/142.0.7444.265 Electron/39.8.8 Safari/537.36"
::1 - - [13/May/2026:09:34:32 +0000] "GET /api/persons HTTP/1.1" 200 280 "http://localhost:5173/" "Mozilla/5.0 (Windows NT 10.0; Win64; x64) AppleWebKit/537.36 (KHTML, like Gecko) Code/1.119.1 Chrome/142.0.7444.265 Electron/39.8.8 Safari/537.36"
::1 - - [13/May/2026:09:34:32 +0000] "GET /api/persons HTTP/1.1" 304 - "http://localhost:5173/" "Mozilla/5.0 (Windows NT 10.0; Win64; x64) AppleWebKit/537.36 (KHTML, like Gecko) Code/1.119.1 Chrome/142.0.7444.265 Electron/39.8.8 Safari/537.36"
::1 - - [13/May/2026:09:52:25 +0000] "OPTIONS /api/persons/2 HTTP/1.1" 204 0 "http://localhost:5173/" "Mozilla/5.0 (Windows NT 10.0; Win64; x64) AppleWebKit/537.36 (KHTML, like Gecko) Code/1.119.1 Chrome/142.0.7444.265 Electron/39.8.8 Safari/537.36"
::1 - - [13/May/2026:09:52:25 +0000] "DELETE /api/persons/2 HTTP/1.1" 204 - "http://localhost:5173/" "Mozilla/5.0 (Windows NT 10.0; Win64; x64) AppleWebKit/537.36 (KHTML, like Gecko) Code/1.119.1 Chrome/142.0.7444.265 Electron/39.8.8 Safari/537.36"
